<?xml version="1.0" encoding="UTF-8"?>
<!-- Generated by org.testng.reporters.JUnitReportReporter -->
<testsuite hostname="lap245" name="com.nie.test.util.GCDCalcatorTest" tests="4" failures="0" timestamp="12 Apr 2015 11:00:07 GMT" time="0.008" errors="0">
  <testcase name="testGCD" time="0.001" classname="com.nie.test.util.GCDCalcatorTest"/>
  <testcase name="testGCD" time="0.001" classname="com.nie.test.util.GCDCalcatorTest"/>
  <testcase name="testGCD" time="0.006" classname="com.nie.test.util.GCDCalcatorTest"/>
  <testcase name="testGCD" time="0.000" classname="com.nie.test.util.GCDCalcatorTest"/>
</testsuite>
