<?xml version="1.0" encoding="UTF-8" ?>
<testsuite failures="0" time="0.304" errors="0" skipped="0" tests="4" name="TestSuite">
  <properties>
    <property name="java.vendor" value="Sun Microsystems Inc."/>
    <property name="localRepository" value="C:\Users\lnie\.m2\repository"/>
    <property name="sun.java.launcher" value="SUN_STANDARD"/>
    <property name="sun.management.compiler" value="HotSpot 64-Bit Tiered Compilers"/>
    <property name="env.PROMPT" value="$P$G"/>
    <property name="os.name" value="Windows 7"/>
    <property name="env.FP_NO_HOST_CHECK" value="NO"/>
    <property name="sun.boot.class.path" value="C:\Program Files\Java\jdk1.6.0_27\jre\lib\resources.jar;C:\Program Files\Java\jdk1.6.0_27\jre\lib\rt.jar;C:\Program Files\Java\jdk1.6.0_27\jre\lib\sunrsasign.jar;C:\Program Files\Java\jdk1.6.0_27\jre\lib\jsse.jar;C:\Program Files\Java\jdk1.6.0_27\jre\lib\jce.jar;C:\Program Files\Java\jdk1.6.0_27\jre\lib\charsets.jar;C:\Program Files\Java\jdk1.6.0_27\jre\lib\modules\jdk.boot.jar;C:\Program Files\Java\jdk1.6.0_27\jre\classes"/>
    <property name="env.COMPUTERNAME" value="LAP245"/>
    <property name="env.CommonProgramW6432" value="C:\Program Files\Common Files"/>
    <property name="env.ALLUSERSPROFILE" value="C:\ProgramData"/>
    <property name="sun.desktop" value="windows"/>
    <property name="java.vm.specification.vendor" value="Sun Microsystems Inc."/>
    <property name="java.runtime.version" value="1.6.0_27-b07"/>
    <property name="env.HOMEPATH" value="\Users\lnie"/>
    <property name="user.name" value="lnie"/>
    <property name="env.QTJAVA" value="C:\Program Files (x86)\Java\jre6\lib\ext\QTJava.zip"/>
    <property name="user.language" value="en"/>
    <property name="env.windows_tracing_flags" value="3"/>
    <property name="sun.boot.library.path" value="C:\Program Files\Java\jdk1.6.0_27\jre\bin"/>
    <property name="classworlds.conf" value="C:\programs\apache-maven-2.0.9\bin\m2.conf"/>
    <property name="java.version" value="1.6.0_27"/>
    <property name="env.PROCESSOR_IDENTIFIER" value="Intel64 Family 6 Model 42 Stepping 7, GenuineIntel"/>
    <property name="user.timezone" value="Australia/Sydney"/>
    <property name="env.TEMP" value="C:\Users\lnie\AppData\Local\Temp"/>
    <property name="sun.arch.data.model" value="64"/>
    <property name="java.endorsed.dirs" value="C:\Program Files\Java\jdk1.6.0_27\jre\lib\endorsed"/>
    <property name="sun.cpu.isalist" value="amd64"/>
    <property name="env.HOMEDRIVE" value="C:"/>
    <property name="sun.jnu.encoding" value="Cp1252"/>
    <property name="file.encoding.pkg" value="sun.io"/>
    <property name="file.separator" value="\"/>
    <property name="java.specification.name" value="Java Platform API Specification"/>
    <property name="java.class.version" value="50.0"/>
    <property name="user.country" value="AU"/>
    <property name="java.home" value="C:\Program Files\Java\jdk1.6.0_27\jre"/>
    <property name="env.PSModulePath" value="C:\Windows\system32\WindowsPowerShell\v1.0\Modules\;c:\Program Files\Microsoft Security Client\MpProvider\"/>
    <property name="env.APPDATA" value="C:\Users\lnie\AppData\Roaming"/>
    <property name="env.PUBLIC" value="C:\Users\Public"/>
    <property name="env.windows_tracing_logfile" value="C:\BVTBin\Tests\installpackage\csilogfile.log"/>
    <property name="java.vm.info" value="mixed mode"/>
    <property name="env.ComSpec" value="C:\Windows\system32\cmd.exe"/>
    <property name="env.OS" value="Windows_NT"/>
    <property name="env.CommonProgramFiles" value="C:\Program Files\Common Files"/>
    <property name="os.version" value="6.1"/>
    <property name="env.ProgramW6432" value="C:\Program Files"/>
    <property name="env.CYGWIN" value="tty"/>
    <property name="path.separator" value=";"/>
    <property name="java.vm.version" value="20.2-b06"/>
    <property name="env.USERPROFILE" value="C:\Users\lnie"/>
    <property name="user.variant" value=""/>
    <property name="env.JAVA_HOME" value="C:\Program Files\Java\jdk1.6.0_27"/>
    <property name="java.awt.printerjob" value="sun.awt.windows.WPrinterJob"/>
    <property name="env.TMP" value="C:\Users\lnie\AppData\Local\Temp"/>
    <property name="sun.io.unicode.encoding" value="UnicodeLittle"/>
    <property name="awt.toolkit" value="sun.awt.windows.WToolkit"/>
    <property name="user.home" value="C:\Users\lnie"/>
    <property name="env.ProgramData" value="C:\ProgramData"/>
    <property name="env.SESSIONNAME" value="Console"/>
    <property name="env.ProgramFiles(x86)" value="C:\Program Files (x86)"/>
    <property name="java.specification.vendor" value="Sun Microsystems Inc."/>
    <property name="env.CLASSPATH" value=".;"/>
    <property name="env.M2_HOME" value="C:\programs\apache-maven-2.0.9"/>
    <property name="env.MULE_HOME" value="C:\work\software-tools\Mule\mule-standalone-3.2.0"/>
    <property name="env.NUMBER_OF_PROCESSORS" value="8"/>
    <property name="java.library.path" value="C:\Program Files\Java\jdk1.6.0_27\bin;C:\Windows\Sun\Java\bin;C:\Windows\system32;C:\Windows;C:\programs\apache-maven-2.0.9\bin;C:\Windows\System32;C:\Program Files (x86)\OpenSSH\bin;C:\Program Files\Java\jdk1.6.0_27\bin;C:\programs\apache-maven-2.0.9\bin;C:\oracle\product\10.2.0\client_1;c:\Program Files (x86)\Microsoft SQL Server\100\Tools\Binn\;c:\Program Files\Microsoft SQL Server\100\Tools\Binn\;c:\Program Files\Microsoft SQL Server\100\DTS\Binn\;c:\Program Files (x86)\Microsoft SQL Server\100\Tools\Binn\VSShell\Common7\IDE\;c:\Program Files (x86)\Microsoft SQL Server\100\DTS\Binn\;c:\Program Files (x86)\Microsoft Visual Studio 9.0\Common7\IDE\PrivateAssemblies\;C:\programs\apache-ant-1.7.0\bin;."/>
    <property name="java.vendor.url" value="http://java.sun.com/"/>
    <property name="env.USERDNSDOMAIN" value="ISELECT1.COM.AU"/>
    <property name="env.MAVEN_CMD_LINE_ARGS" value="package"/>
    <property name="java.vm.vendor" value="Sun Microsystems Inc."/>
    <property name="java.runtime.name" value="Java(TM) SE Runtime Environment"/>
    <property name="maven.home" value="C:\programs\apache-maven-2.0.9"/>
    <property name="java.class.path" value="C:\programs\apache-maven-2.0.9\boot\classworlds-1.1.jar"/>
    <property name="sun.java.command" value="org.codehaus.classworlds.Launcher package"/>
    <property name="env.ANT_OPTS" value="-Xms256m -Xmx512m -XX:PermSize=256m -XX:MaxPermSize=512m"/>
    <property name="env.MAVEN_JAVA_EXE" value="&quot;C:\Program Files\Java\jdk1.6.0_27\bin\java.exe&quot;"/>
    <property name="java.vm.specification.name" value="Java Virtual Machine Specification"/>
    <property name="env.windir" value="C:\Windows"/>
    <property name="env.LOGONSERVER" value="\\LOTUS"/>
    <property name="java.vm.specification.version" value="1.0"/>
    <property name="env.PROCESSOR_ARCHITECTURE" value="AMD64"/>
    <property name="sun.os.patch.level" value="Service Pack 1"/>
    <property name="sun.cpu.endian" value="little"/>
    <property name="env.HOME" value="C:\Users\lnie"/>
    <property name="env.ProgramFiles" value="C:\Program Files"/>
    <property name="surefire.test.class.path" value="C:\mydoc\unicotest\proj\UnicoTest2\UnicoTest\GCDCalculator-ejb\target\test-classes;C:\mydoc\unicotest\proj\UnicoTest2\UnicoTest\GCDCalculator-ejb\target\classes;C:\Users\lnie\.m2\repository\junit\junit\4.7\junit-4.7.jar;C:\Users\lnie\.m2\repository\org\testng\testng\6.1.1\testng-6.1.1.jar;C:\Users\lnie\.m2\repository\org\beanshell\bsh\2.0b4\bsh-2.0b4.jar;C:\Users\lnie\.m2\repository\com\beust\jcommander\1.12\jcommander-1.12.jar;C:\Users\lnie\.m2\repository\org\yaml\snakeyaml\1.6\snakeyaml-1.6.jar;C:\Users\lnie\.m2\repository\org\apache\openejb\openejb-core\3.1.2\openejb-core-3.1.2.jar;C:\Users\lnie\.m2\repository\org\apache\openejb\javaee-api\5.0-2\javaee-api-5.0-2.jar;C:\Users\lnie\.m2\repository\log4j\log4j\1.2.12\log4j-1.2.12.jar;C:\Users\lnie\.m2\repository\org\apache\openejb\ejb31-api-experimental\3.1.2\ejb31-api-experimental-3.1.2.jar;C:\Users\lnie\.m2\repository\org\apache\openejb\openejb-api\3.1.2\openejb-api-3.1.2.jar;C:\Users\lnie\.m2\repository\org\apache\openejb\openejb-loader\3.1.2\openejb-loader-3.1.2.jar;C:\Users\lnie\.m2\repository\org\apache\openejb\openejb-javaagent\3.1.2\openejb-javaagent-3.1.2.jar;C:\Users\lnie\.m2\repository\org\apache\openejb\openejb-jee\3.1.2\openejb-jee-3.1.2.jar;C:\Users\lnie\.m2\repository\org\codehaus\woodstox\wstx-asl\3.2.0\wstx-asl-3.2.0.jar;C:\Users\lnie\.m2\repository\stax\stax-api\1.0.1\stax-api-1.0.1.jar;C:\Users\lnie\.m2\repository\com\sun\xml\bind\jaxb-impl\2.0.5\jaxb-impl-2.0.5.jar;C:\Users\lnie\.m2\repository\commons-cli\commons-cli\1.1\commons-cli-1.1.jar;C:\Users\lnie\.m2\repository\org\apache\activemq\activemq-ra\4.1.1\activemq-ra-4.1.1.jar;C:\Users\lnie\.m2\repository\org\apache\activemq\activemq-core\4.1.1\activemq-core-4.1.1.jar;C:\Users\lnie\.m2\repository\backport-util-concurrent\backport-util-concurrent\2.1\backport-util-concurrent-2.1.jar;C:\Users\lnie\.m2\repository\commons-logging\commons-logging\1.1\commons-logging-1.1.jar;C:\Users\lnie\.m2\repository\org\apache\activemq\activeio-core\3.0.0-incubator\activeio-core-3.0.0-incubator.jar;C:\Users\lnie\.m2\repository\org\apache\openjpa\openjpa\1.2.1\openjpa-1.2.1.jar;C:\Users\lnie\.m2\repository\net\sourceforge\serp\serp\1.13.1\serp-1.13.1.jar;C:\Users\lnie\.m2\repository\commons-lang\commons-lang\2.1\commons-lang-2.1.jar;C:\Users\lnie\.m2\repository\commons-collections\commons-collections\3.2\commons-collections-3.2.jar;C:\Users\lnie\.m2\repository\commons-pool\commons-pool\1.3\commons-pool-1.3.jar;C:\Users\lnie\.m2\repository\org\apache\geronimo\components\geronimo-connector\2.1\geronimo-connector-2.1.jar;C:\Users\lnie\.m2\repository\org\apache\geronimo\components\geronimo-transaction\2.1\geronimo-transaction-2.1.jar;C:\Users\lnie\.m2\repository\org\objectweb\howl\howl\1.0.1-1\howl-1.0.1-1.jar;C:\Users\lnie\.m2\repository\org\apache\geronimo\javamail\geronimo-javamail_1.4_mail\1.2\geronimo-javamail_1.4_mail-1.2.jar;C:\Users\lnie\.m2\repository\org\apache\xbean\xbean-asm-shaded\3.6\xbean-asm-shaded-3.6.jar;C:\Users\lnie\.m2\repository\org\apache\xbean\xbean-finder-shaded\3.6\xbean-finder-shaded-3.6.jar;C:\Users\lnie\.m2\repository\org\apache\xbean\xbean-reflect\3.6\xbean-reflect-3.6.jar;C:\Users\lnie\.m2\repository\org\apache\xbean\xbean-naming\3.6\xbean-naming-3.6.jar;C:\Users\lnie\.m2\repository\hsqldb\hsqldb\1.8.0.7\hsqldb-1.8.0.7.jar;C:\Users\lnie\.m2\repository\org\apache\openejb\commons-dbcp-all\1.3-r699049\commons-dbcp-all-1.3-r699049.jar;C:\Users\lnie\.m2\repository\org\codehaus\swizzle\swizzle-stream\1.0.1\swizzle-stream-1.0.1.jar;C:\Users\lnie\.m2\repository\wsdl4j\wsdl4j\1.6.1\wsdl4j-1.6.1.jar;C:\Users\lnie\.m2\repository\quartz\quartz\1.5.2\quartz-1.5.2.jar;C:\Users\lnie\.m2\repository\org\apache\openejb\openejb-cxf\4.0.0\openejb-cxf-4.0.0.jar;C:\Users\lnie\.m2\repository\org\apache\openejb\openejb-webservices\4.0.0\openejb-webservices-4.0.0.jar;C:\Users\lnie\.m2\repository\org\apache\openejb\openejb-server\4.0.0\openejb-server-4.0.0.jar;C:\Users\lnie\.m2\repository\org\apache\openejb\openejb-client\4.0.0\openejb-client-4.0.0.jar;C:\Users\lnie\.m2\repository\org\apache\openejb\openejb-http\4.0.0\openejb-http-4.0.0.jar;C:\Users\lnie\.m2\repository\org\apache\openejb\openejb-ejbd\4.0.0\openejb-ejbd-4.0.0.jar;C:\Users\lnie\.m2\repository\org\apache\openejb\openejb-cxf-transport\4.0.0\openejb-cxf-transport-4.0.0.jar;C:\Users\lnie\.m2\repository\org\apache\openejb\patch\openejb-cxf-bundle\2.5.2\openejb-cxf-bundle-2.5.2.jar;C:\Users\lnie\.m2\repository\org\apache\ws\xmlschema\xmlschema-core\2.0.1\xmlschema-core-2.0.1.jar;C:\Users\lnie\.m2\repository\org\apache\neethi\neethi\3.0.1\neethi-3.0.1.jar;C:\Users\lnie\.m2\repository\xml-resolver\xml-resolver\1.2\xml-resolver-1.2.jar;C:\Users\lnie\.m2\repository\com\sun\xml\messaging\saaj\saaj-impl\1.3.12\saaj-impl-1.3.12.jar;C:\Users\lnie\.m2\repository\org\jvnet\mimepull\1.4\mimepull-1.4.jar;C:\Users\lnie\.m2\repository\org\codehaus\jettison\jettison\1.3.1\jettison-1.3.1.jar;C:\Users\lnie\.m2\repository\org\apache\ws\security\wss4j\1.6.4\wss4j-1.6.4.jar;C:\Users\lnie\.m2\repository\org\apache\santuario\xmlsec\1.4.6\xmlsec-1.4.6.jar;C:\Users\lnie\.m2\repository\xalan\xalan\2.7.1\xalan-2.7.1.jar;C:\Users\lnie\.m2\repository\xalan\serializer\2.7.1\serializer-2.7.1.jar;C:\Users\lnie\.m2\repository\xml-apis\xml-apis\1.3.04\xml-apis-1.3.04.jar;C:\Users\lnie\.m2\repository\org\opensaml\opensaml\2.5.1-1\opensaml-2.5.1-1.jar;C:\Users\lnie\.m2\repository\org\opensaml\openws\1.4.2-1\openws-1.4.2-1.jar;C:\Users\lnie\.m2\repository\org\opensaml\xmltooling\1.3.2-1\xmltooling-1.3.2-1.jar;C:\Users\lnie\.m2\repository\org\slf4j\slf4j-api\1.6.4\slf4j-api-1.6.4.jar;C:\Users\lnie\.m2\repository\joda-time\joda-time\1.6.2\joda-time-1.6.2.jar;C:\Users\lnie\.m2\repository\org\codehaus\woodstox\woodstox-core-asl\4.0.8\woodstox-core-asl-4.0.8.jar;C:\Users\lnie\.m2\repository\javax\xml\stream\stax-api\1.0-2\stax-api-1.0-2.jar;C:\Users\lnie\.m2\repository\org\codehaus\woodstox\stax2-api\3.0.2\stax2-api-3.0.2.jar;C:\Users\lnie\.m2\repository\org\apache\openejb\patch\xbean-finder-shaded\3.10\xbean-finder-shaded-3.10.jar;C:\Users\lnie\.m2\repository\org\apache\xbean\xbean-bundleutils\3.10\xbean-bundleutils-3.10.jar;C:\Users\lnie\.m2\repository\xerces\xercesImpl\2.9.1\xercesImpl-2.9.1.jar;C:\Users\lnie\.m2\repository\javax\javaee-api\6.0\javaee-api-6.0.jar;C:\Users\lnie\.m2\repository\org\jboss\logging\jboss-logging\3.2.1.Final\jboss-logging-3.2.1.Final.jar;"/>
    <property name="java.io.tmpdir" value="C:\Users\lnie\AppData\Local\Temp\"/>
    <property name="env.PROCESSOR_REVISION" value="2a07"/>
    <property name="env.UATDATA" value="C:\Windows\CCM\UATData\D9F8C395-CAB8-491d-B8AC-179A1FE1BE77"/>
    <property name="env.CommonProgramFiles(x86)" value="C:\Program Files (x86)\Common Files"/>
    <property name="env.VBOX_INSTALL_PATH" value="C:\Program Files\Oracle\VirtualBox\"/>
    <property name="java.vendor.url.bug" value="http://java.sun.com/cgi-bin/bugreport.cgi"/>
    <property name="env.MAVEN_OPTS" value="-Xms256m -Xmx512m -XX:PermSize=256m -XX:MaxPermSize=512m"/>
    <property name="env.SystemRoot" value="C:\Windows"/>
    <property name="java.awt.graphicsenv" value="sun.awt.Win32GraphicsEnvironment"/>
    <property name="os.arch" value="amd64"/>
    <property name="java.ext.dirs" value="C:\Program Files\Java\jdk1.6.0_27\jre\lib\ext;C:\Windows\Sun\Java\lib\ext"/>
    <property name="env.TESSDATA_PREFIX" value="C:\programs\Tesseract-OCR\"/>
    <property name="user.dir" value="C:\mydoc\unicotest\proj\UnicoTest2\UnicoTest\GCDCalculator-ejb"/>
    <property name="env.LOCALAPPDATA" value="C:\Users\lnie\AppData\Local"/>
    <property name="line.separator" value="
"/>
    <property name="java.vm.name" value="Java HotSpot(TM) 64-Bit Server VM"/>
    <property name="env.CLASSWORLDS_JAR" value="&quot;C:\programs\apache-maven-2.0.9\boot\classworlds-1.1.jar&quot;"/>
    <property name="env.PATHEXT" value=".COM;.EXE;.BAT;.CMD;.VBS;.VBE;.JS;.JSE;.WSF;.WSH;.MSC"/>
    <property name="env.Path" value="C:\programs\apache-maven-2.0.9\bin;C:\Windows\System32;C:\Program Files (x86)\OpenSSH\bin;C:\Program Files\Java\jdk1.6.0_27\bin;C:\programs\apache-maven-2.0.9\bin;C:\oracle\product\10.2.0\client_1;c:\Program Files (x86)\Microsoft SQL Server\100\Tools\Binn\;c:\Program Files\Microsoft SQL Server\100\Tools\Binn\;c:\Program Files\Microsoft SQL Server\100\DTS\Binn\;c:\Program Files (x86)\Microsoft SQL Server\100\Tools\Binn\VSShell\Common7\IDE\;c:\Program Files (x86)\Microsoft SQL Server\100\DTS\Binn\;c:\Program Files (x86)\Microsoft Visual Studio 9.0\Common7\IDE\PrivateAssemblies\;C:\programs\apache-ant-1.7.0\bin"/>
    <property name="env.SVN_CHECKOUT_DIR" value="C:\work\svnview"/>
    <property name="basedir" value="C:\mydoc\unicotest\proj\UnicoTest2\UnicoTest\GCDCalculator-ejb"/>
    <property name="env.ERROR_CODE" value="0"/>
    <property name="env.USERNAME" value="lnie"/>
    <property name="env.APP_ENCRYPTION_PASSWORD" value="iselectgi"/>
    <property name="env.SystemDrive" value="C:"/>
    <property name="file.encoding" value="Cp1252"/>
    <property name="env.GRAILS_HOME" value="C:\programs\grails-2.3.4"/>
    <property name="env.USERDOMAIN" value="ISELECT1"/>
    <property name="java.specification.version" value="1.6"/>
    <property name="env.PROCESSOR_LEVEL" value="6"/>
  </properties>
  <testcase time="0.006" classname="com.nie.test.util.GCDCalcatorTest" name="testGCD"/>
  <testcase time="0.001" classname="com.nie.test.util.GCDCalcatorTest" name="testGCD"/>
  <testcase time="0" classname="com.nie.test.util.GCDCalcatorTest" name="testGCD"/>
  <testcase time="0.001" classname="com.nie.test.util.GCDCalcatorTest" name="testGCD"/>
</testsuite>